<?xml version='1.0' encoding='UTF-8'?>
<result>
  <suites>
    <suite>
      <file>/var/lib/jenkins/jobs/SoapUI-U2-NAV-Helsepersonell_CI/workspace/nav-test-helsepersonell/reports/TEST-Integrasjonstest.xml</file>
      <name>Helsepersonell.Integrasjonstest</name>
      <duration>7.293</duration>
      <cases>
        <case>
          <duration>7.293</duration>
          <className>Helsepersonell.Integrasjonstest</className>
          <testName>hentRegisterendringer TestCase</testName>
          <skipped>false</skipped>
          <failedSince>0</failedSince>
        </case>
      </cases>
    </suite>
    <suite>
      <file>/var/lib/jenkins/jobs/SoapUI-U2-NAV-Helsepersonell_CI/workspace/nav-test-helsepersonell/reports/TEST-Integrasjonstest_DataPower.xml</file>
      <name>Helsepersonell.Integrasjonstest (DataPower)</name>
      <duration>0.481</duration>
      <cases>
        <case>
          <duration>0.481</duration>
          <className>Helsepersonell.Integrasjonstest (DataPower)</className>
          <testName>HentRegisterEndringer TestCase</testName>
          <skipped>false</skipped>
          <failedSince>0</failedSince>
        </case>
      </cases>
    </suite>
    <suite>
      <file>/var/lib/jenkins/jobs/SoapUI-U2-NAV-Helsepersonell_CI/workspace/nav-test-helsepersonell/reports/TEST-Set_Up.xml</file>
      <name>Helsepersonell.Set Up</name>
      <duration>2.309</duration>
      <cases>
        <case>
          <duration>2.309</duration>
          <className>Helsepersonell.Set Up</className>
          <testName>TestCase</testName>
          <skipped>false</skipped>
          <failedSince>0</failedSince>
        </case>
      </cases>
    </suite>
    <suite>
      <file>/var/lib/jenkins/jobs/SoapUI-U2-NAV-Helsepersonell_CI/workspace/nav-test-helsepersonell/reports/TEST-Tear_Down.xml</file>
      <name>Helsepersonell.Tear Down</name>
      <duration>0.107</duration>
      <cases>
        <case>
          <duration>0.107</duration>
          <className>Helsepersonell.Tear Down</className>
          <testName>TestCase</testName>
          <skipped>false</skipped>
          <failedSince>0</failedSince>
        </case>
      </cases>
    </suite>
  </suites>
  <duration>10.190001</duration>
  <keepLongStdio>false</keepLongStdio>
</result>