<?xml version="1.0" encoding="UTF-8" ?>
<testsuite failures="0" time="6.812" errors="0" skipped="0" tests="2" name="no.stelvio.serviceregistry.ServiceRegistryTest">
  <properties>
    <property name="java.runtime.name" value="Java(TM) SE Runtime Environment"/>
    <property name="sun.boot.library.path" value="C:\apps\Java\jdk1.6.0_20\jre\bin"/>
    <property name="java.vm.version" value="16.3-b01"/>
    <property name="java.vm.vendor" value="Sun Microsystems Inc."/>
    <property name="java.vendor.url" value="http://java.sun.com/"/>
    <property name="path.separator" value=";"/>
    <property name="java.vm.name" value="Java HotSpot(TM) Client VM"/>
    <property name="file.encoding.pkg" value="sun.io"/>
    <property name="user.country" value="NO"/>
    <property name="sun.java.launcher" value="SUN_STANDARD"/>
    <property name="sun.os.patch.level" value="Service Pack 2"/>
    <property name="java.vm.specification.name" value="Java Virtual Machine Specification"/>
    <property name="user.dir" value="E:\develop\maven-service-registry-plugin"/>
    <property name="java.runtime.version" value="1.6.0_20-b02"/>
    <property name="java.awt.graphicsenv" value="sun.awt.Win32GraphicsEnvironment"/>
    <property name="basedir" value="E:\develop\maven-service-registry-plugin"/>
    <property name="java.endorsed.dirs" value="C:\apps\Java\jdk1.6.0_20\jre\lib\endorsed"/>
    <property name="os.arch" value="x86"/>
    <property name="surefire.real.class.path" value="C:\DOCUME~1\utvikler\LOKALE~1\Temp\surefirebooter2356689989907944745.jar"/>
    <property name="java.io.tmpdir" value="C:\DOCUME~1\utvikler\LOKALE~1\Temp\"/>
    <property name="line.separator" value="
"/>
    <property name="java.vm.specification.vendor" value="Sun Microsystems Inc."/>
    <property name="user.variant" value=""/>
    <property name="os.name" value="Windows XP"/>
    <property name="sun.jnu.encoding" value="Cp1252"/>
    <property name="java.library.path" value="C:\apps\Java\jdk1.6.0_20\jre\bin;.;C:\WINDOWS\Sun\Java\bin;C:\WINDOWS\system32;C:\WINDOWS;C:\IBM\WebSphere MQ\Java\lib;C:\apps\Subversion Client;C:\apps\Java\jdk1.6.0_20\bin;C:\WINDOWS\system32;C:\WINDOWS;C:\WINDOWS\System32\Wbem;C:\apps\GTK\2.0\bin;C:\IBM\common;C:\IBM\ClearCase\bin;C:\apps\apache-maven-2.2.1\bin;C:\apps\Graphviz2.24\bin;c:\apps\jad;C:\Programfiler\TortoiseSVN\bin;C:\IBM\WebSphere MQ\bin;C:\IBM\WebSphere MQ\tools\c\samples\bin"/>
    <property name="surefire.test.class.path" value="E:\develop\maven-service-registry-plugin\target\test-classes;E:\develop\maven-service-registry-plugin\target\classes;C:\Documents and Settings\utvikler\.m2\repository\org\apache\maven\maven-plugin-api\2.2.1\maven-plugin-api-2.2.1.jar;C:\Documents and Settings\utvikler\.m2\repository\org\apache\maven\maven-core\2.2.1\maven-core-2.2.1.jar;C:\Documents and Settings\utvikler\.m2\repository\org\apache\maven\maven-settings\2.2.1\maven-settings-2.2.1.jar;C:\Documents and Settings\utvikler\.m2\repository\org\apache\maven\maven-model\2.2.1\maven-model-2.2.1.jar;C:\Documents and Settings\utvikler\.m2\repository\org\codehaus\plexus\plexus-utils\1.5.15\plexus-utils-1.5.15.jar;C:\Documents and Settings\utvikler\.m2\repository\org\codehaus\plexus\plexus-interpolation\1.11\plexus-interpolation-1.11.jar;C:\Documents and Settings\utvikler\.m2\repository\org\codehaus\plexus\plexus-container-default\1.0-alpha-9-stable-1\plexus-container-default-1.0-alpha-9-stable-1.jar;C:\Documents and Settings\utvikler\.m2\repository\junit\junit\4.8.1\junit-4.8.1.jar;C:\Documents and Settings\utvikler\.m2\repository\classworlds\classworlds\1.1\classworlds-1.1.jar;C:\Documents and Settings\utvikler\.m2\repository\org\apache\maven\wagon\wagon-file\1.0-beta-6\wagon-file-1.0-beta-6.jar;C:\Documents and Settings\utvikler\.m2\repository\org\apache\maven\wagon\wagon-provider-api\1.0-beta-6\wagon-provider-api-1.0-beta-6.jar;C:\Documents and Settings\utvikler\.m2\repository\org\apache\maven\maven-plugin-parameter-documenter\2.2.1\maven-plugin-parameter-documenter-2.2.1.jar;C:\Documents and Settings\utvikler\.m2\repository\org\apache\maven\wagon\wagon-http-lightweight\1.0-beta-6\wagon-http-lightweight-1.0-beta-6.jar;C:\Documents and Settings\utvikler\.m2\repository\org\apache\maven\wagon\wagon-http-shared\1.0-beta-6\wagon-http-shared-1.0-beta-6.jar;C:\Documents and Settings\utvikler\.m2\repository\nekohtml\xercesMinimal\1.9.6.2\xercesMinimal-1.9.6.2.jar;C:\Documents and Settings\utvikler\.m2\repository\nekohtml\nekohtml\1.9.6.2\nekohtml-1.9.6.2.jar;C:\Documents and Settings\utvikler\.m2\repository\org\apache\maven\wagon\wagon-http\1.0-beta-6\wagon-http-1.0-beta-6.jar;C:\Documents and Settings\utvikler\.m2\repository\org\apache\maven\wagon\wagon-webdav-jackrabbit\1.0-beta-6\wagon-webdav-jackrabbit-1.0-beta-6.jar;C:\Documents and Settings\utvikler\.m2\repository\org\apache\jackrabbit\jackrabbit-webdav\1.5.0\jackrabbit-webdav-1.5.0.jar;C:\Documents and Settings\utvikler\.m2\repository\org\apache\jackrabbit\jackrabbit-jcr-commons\1.5.0\jackrabbit-jcr-commons-1.5.0.jar;C:\Documents and Settings\utvikler\.m2\repository\org\slf4j\slf4j-api\1.5.6\slf4j-api-1.5.6.jar;C:\Documents and Settings\utvikler\.m2\repository\commons-httpclient\commons-httpclient\3.0\commons-httpclient-3.0.jar;C:\Documents and Settings\utvikler\.m2\repository\commons-codec\commons-codec\1.4\commons-codec-1.4.jar;C:\Documents and Settings\utvikler\.m2\repository\org\slf4j\slf4j-nop\1.5.3\slf4j-nop-1.5.3.jar;C:\Documents and Settings\utvikler\.m2\repository\org\slf4j\slf4j-jdk14\1.5.6\slf4j-jdk14-1.5.6.jar;C:\Documents and Settings\utvikler\.m2\repository\org\slf4j\jcl-over-slf4j\1.5.6\jcl-over-slf4j-1.5.6.jar;C:\Documents and Settings\utvikler\.m2\repository\org\apache\maven\reporting\maven-reporting-api\2.2.1\maven-reporting-api-2.2.1.jar;C:\Documents and Settings\utvikler\.m2\repository\org\apache\maven\doxia\doxia-sink-api\1.1\doxia-sink-api-1.1.jar;C:\Documents and Settings\utvikler\.m2\repository\org\apache\maven\doxia\doxia-logging-api\1.1\doxia-logging-api-1.1.jar;C:\Documents and Settings\utvikler\.m2\repository\org\apache\maven\maven-profile\2.2.1\maven-profile-2.2.1.jar;C:\Documents and Settings\utvikler\.m2\repository\org\apache\maven\maven-artifact\2.2.1\maven-artifact-2.2.1.jar;C:\Documents and Settings\utvikler\.m2\repository\org\apache\maven\maven-repository-metadata\2.2.1\maven-repository-metadata-2.2.1.jar;C:\Documents and Settings\utvikler\.m2\repository\org\apache\maven\maven-error-diagnostics\2.2.1\maven-error-diagnostics-2.2.1.jar;C:\Documents and Settings\utvikler\.m2\repository\org\apache\maven\maven-project\2.2.1\maven-project-2.2.1.jar;C:\Documents and Settings\utvikler\.m2\repository\org\apache\maven\maven-artifact-manager\2.2.1\maven-artifact-manager-2.2.1.jar;C:\Documents and Settings\utvikler\.m2\repository\backport-util-concurrent\backport-util-concurrent\3.1\backport-util-concurrent-3.1.jar;C:\Documents and Settings\utvikler\.m2\repository\org\apache\maven\maven-plugin-registry\2.2.1\maven-plugin-registry-2.2.1.jar;C:\Documents and Settings\utvikler\.m2\repository\commons-cli\commons-cli\1.2\commons-cli-1.2.jar;C:\Documents and Settings\utvikler\.m2\repository\org\apache\maven\wagon\wagon-ssh-external\1.0-beta-6\wagon-ssh-external-1.0-beta-6.jar;C:\Documents and Settings\utvikler\.m2\repository\org\apache\maven\wagon\wagon-ssh-common\1.0-beta-6\wagon-ssh-common-1.0-beta-6.jar;C:\Documents and Settings\utvikler\.m2\repository\org\codehaus\plexus\plexus-interactivity-api\1.0-alpha-6\plexus-interactivity-api-1.0-alpha-6.jar;C:\Documents and Settings\utvikler\.m2\repository\org\apache\maven\maven-plugin-descriptor\2.2.1\maven-plugin-descriptor-2.2.1.jar;C:\Documents and Settings\utvikler\.m2\repository\org\codehaus\plexus\plexus-component-api\1.0-alpha-16\plexus-component-api-1.0-alpha-16.jar;C:\Documents and Settings\utvikler\.m2\repository\org\codehaus\plexus\plexus-classworlds\1.2-alpha-7\plexus-classworlds-1.2-alpha-7.jar;C:\Documents and Settings\utvikler\.m2\repository\org\apache\maven\maven-monitor\2.2.1\maven-monitor-2.2.1.jar;C:\Documents and Settings\utvikler\.m2\repository\org\apache\maven\wagon\wagon-ssh\1.0-beta-6\wagon-ssh-1.0-beta-6.jar;C:\Documents and Settings\utvikler\.m2\repository\com\jcraft\jsch\0.1.38\jsch-0.1.38.jar;C:\Documents and Settings\utvikler\.m2\repository\org\sonatype\plexus\plexus-sec-dispatcher\1.3\plexus-sec-dispatcher-1.3.jar;C:\Documents and Settings\utvikler\.m2\repository\org\sonatype\plexus\plexus-cipher\1.4\plexus-cipher-1.4.jar;C:\Documents and Settings\utvikler\.m2\repository\no\nav\maven\plugins\datapower-utils\1.2\datapower-utils-1.2.jar;C:\Documents and Settings\utvikler\.m2\repository\commons-io\commons-io\1.4\commons-io-1.4.jar;C:\Documents and Settings\utvikler\.m2\repository\commons-lang\commons-lang\2.5\commons-lang-2.5.jar;C:\Documents and Settings\utvikler\.m2\repository\commons-collections\commons-collections\3.2.1\commons-collections-3.2.1.jar;C:\Documents and Settings\utvikler\.m2\repository\wsdl4j\wsdl4j\1.6.2\wsdl4j-1.6.2.jar;C:\Documents and Settings\utvikler\.m2\repository\log4j\log4j\1.2.16\log4j-1.2.16.jar;C:\Documents and Settings\utvikler\.m2\repository\no\stelvio\maven\support\datapower-management-client\1.0-SNAPSHOT\datapower-management-client-1.0-SNAPSHOT.jar;C:\Documents and Settings\utvikler\.m2\repository\org\apache\cxf\cxf-rt-frontend-jaxws\2.2.9\cxf-rt-frontend-jaxws-2.2.9.jar;C:\Documents and Settings\utvikler\.m2\repository\xml-resolver\xml-resolver\1.2\xml-resolver-1.2.jar;C:\Documents and Settings\utvikler\.m2\repository\org\apache\geronimo\specs\geronimo-jaxws_2.1_spec\1.0\geronimo-jaxws_2.1_spec-1.0.jar;C:\Documents and Settings\utvikler\.m2\repository\org\apache\geronimo\specs\geronimo-activation_1.1_spec\1.0.2\geronimo-activation_1.1_spec-1.0.2.jar;C:\Documents and Settings\utvikler\.m2\repository\org\apache\geronimo\specs\geronimo-ws-metadata_2.0_spec\1.1.2\geronimo-ws-metadata_2.0_spec-1.1.2.jar;C:\Documents and Settings\utvikler\.m2\repository\asm\asm\2.2.3\asm-2.2.3.jar;C:\Documents and Settings\utvikler\.m2\repository\org\apache\cxf\cxf-api\2.2.9\cxf-api-2.2.9.jar;C:\Documents and Settings\utvikler\.m2\repository\org\apache\cxf\cxf-common-utilities\2.2.9\cxf-common-utilities-2.2.9.jar;C:\Documents and Settings\utvikler\.m2\repository\org\springframework\spring-core\2.5.6\spring-core-2.5.6.jar;C:\Documents and Settings\utvikler\.m2\repository\commons-logging\commons-logging\1.1.1\commons-logging-1.1.1.jar;C:\Documents and Settings\utvikler\.m2\repository\org\springframework\spring-beans\2.5.6\spring-beans-2.5.6.jar;C:\Documents and Settings\utvikler\.m2\repository\org\springframework\spring-context\2.5.6\spring-context-2.5.6.jar;C:\Documents and Settings\utvikler\.m2\repository\aopalliance\aopalliance\1.0\aopalliance-1.0.jar;C:\Documents and Settings\utvikler\.m2\repository\org\apache\geronimo\specs\geronimo-annotation_1.0_spec\1.1.1\geronimo-annotation_1.0_spec-1.1.1.jar;C:\Documents and Settings\utvikler\.m2\repository\javax\xml\bind\jaxb-api\2.1\jaxb-api-2.1.jar;C:\Documents and Settings\utvikler\.m2\repository\org\apache\geronimo\specs\geronimo-stax-api_1.0_spec\1.0.1\geronimo-stax-api_1.0_spec-1.0.1.jar;C:\Documents and Settings\utvikler\.m2\repository\org\apache\ws\commons\schema\XmlSchema\1.4.5\XmlSchema-1.4.5.jar;C:\Documents and Settings\utvikler\.m2\repository\org\codehaus\woodstox\wstx-asl\3.2.9\wstx-asl-3.2.9.jar;C:\Documents and Settings\utvikler\.m2\repository\org\apache\neethi\neethi\2.0.4\neethi-2.0.4.jar;C:\Documents and Settings\utvikler\.m2\repository\org\apache\cxf\cxf-common-schemas\2.2.9\cxf-common-schemas-2.2.9.jar;C:\Documents and Settings\utvikler\.m2\repository\org\apache\cxf\cxf-rt-core\2.2.9\cxf-rt-core-2.2.9.jar;C:\Documents and Settings\utvikler\.m2\repository\com\sun\xml\bind\jaxb-impl\2.1.13\jaxb-impl-2.1.13.jar;C:\Documents and Settings\utvikler\.m2\repository\org\apache\geronimo\specs\geronimo-javamail_1.4_spec\1.6\geronimo-javamail_1.4_spec-1.6.jar;C:\Documents and Settings\utvikler\.m2\repository\org\apache\cxf\cxf-rt-bindings-soap\2.2.9\cxf-rt-bindings-soap-2.2.9.jar;C:\Documents and Settings\utvikler\.m2\repository\org\apache\cxf\cxf-tools-common\2.2.9\cxf-tools-common-2.2.9.jar;C:\Documents and Settings\utvikler\.m2\repository\javax\xml\soap\saaj-api\1.3\saaj-api-1.3.jar;C:\Documents and Settings\utvikler\.m2\repository\org\apache\cxf\cxf-rt-databinding-jaxb\2.2.9\cxf-rt-databinding-jaxb-2.2.9.jar;C:\Documents and Settings\utvikler\.m2\repository\org\apache\cxf\cxf-rt-bindings-xml\2.2.9\cxf-rt-bindings-xml-2.2.9.jar;C:\Documents and Settings\utvikler\.m2\repository\org\apache\cxf\cxf-rt-frontend-simple\2.2.9\cxf-rt-frontend-simple-2.2.9.jar;C:\Documents and Settings\utvikler\.m2\repository\org\apache\cxf\cxf-rt-ws-addr\2.2.9\cxf-rt-ws-addr-2.2.9.jar;C:\Documents and Settings\utvikler\.m2\repository\com\sun\xml\messaging\saaj\saaj-impl\1.3.2\saaj-impl-1.3.2.jar;C:\Documents and Settings\utvikler\.m2\repository\org\apache\cxf\cxf-rt-transports-http\2.2.9\cxf-rt-transports-http-2.2.9.jar;C:\Documents and Settings\utvikler\.m2\repository\org\springframework\spring-web\2.5.6\spring-web-2.5.6.jar;"/>
    <property name="java.specification.name" value="Java Platform API Specification"/>
    <property name="java.class.version" value="50.0"/>
    <property name="sun.management.compiler" value="HotSpot Client Compiler"/>
    <property name="os.version" value="5.1"/>
    <property name="user.home" value="C:\Documents and Settings\utvikler"/>
    <property name="user.timezone" value="Europe/Berlin"/>
    <property name="java.awt.printerjob" value="sun.awt.windows.WPrinterJob"/>
    <property name="java.specification.version" value="1.6"/>
    <property name="file.encoding" value="Cp1252"/>
    <property name="user.name" value="utvikler"/>
    <property name="java.class.path" value="E:\develop\maven-service-registry-plugin\target\test-classes;E:\develop\maven-service-registry-plugin\target\classes;C:\Documents and Settings\utvikler\.m2\repository\org\apache\maven\maven-plugin-api\2.2.1\maven-plugin-api-2.2.1.jar;C:\Documents and Settings\utvikler\.m2\repository\org\apache\maven\maven-core\2.2.1\maven-core-2.2.1.jar;C:\Documents and Settings\utvikler\.m2\repository\org\apache\maven\maven-settings\2.2.1\maven-settings-2.2.1.jar;C:\Documents and Settings\utvikler\.m2\repository\org\apache\maven\maven-model\2.2.1\maven-model-2.2.1.jar;C:\Documents and Settings\utvikler\.m2\repository\org\codehaus\plexus\plexus-utils\1.5.15\plexus-utils-1.5.15.jar;C:\Documents and Settings\utvikler\.m2\repository\org\codehaus\plexus\plexus-interpolation\1.11\plexus-interpolation-1.11.jar;C:\Documents and Settings\utvikler\.m2\repository\org\codehaus\plexus\plexus-container-default\1.0-alpha-9-stable-1\plexus-container-default-1.0-alpha-9-stable-1.jar;C:\Documents and Settings\utvikler\.m2\repository\junit\junit\4.8.1\junit-4.8.1.jar;C:\Documents and Settings\utvikler\.m2\repository\classworlds\classworlds\1.1\classworlds-1.1.jar;C:\Documents and Settings\utvikler\.m2\repository\org\apache\maven\wagon\wagon-file\1.0-beta-6\wagon-file-1.0-beta-6.jar;C:\Documents and Settings\utvikler\.m2\repository\org\apache\maven\wagon\wagon-provider-api\1.0-beta-6\wagon-provider-api-1.0-beta-6.jar;C:\Documents and Settings\utvikler\.m2\repository\org\apache\maven\maven-plugin-parameter-documenter\2.2.1\maven-plugin-parameter-documenter-2.2.1.jar;C:\Documents and Settings\utvikler\.m2\repository\org\apache\maven\wagon\wagon-http-lightweight\1.0-beta-6\wagon-http-lightweight-1.0-beta-6.jar;C:\Documents and Settings\utvikler\.m2\repository\org\apache\maven\wagon\wagon-http-shared\1.0-beta-6\wagon-http-shared-1.0-beta-6.jar;C:\Documents and Settings\utvikler\.m2\repository\nekohtml\xercesMinimal\1.9.6.2\xercesMinimal-1.9.6.2.jar;C:\Documents and Settings\utvikler\.m2\repository\nekohtml\nekohtml\1.9.6.2\nekohtml-1.9.6.2.jar;C:\Documents and Settings\utvikler\.m2\repository\org\apache\maven\wagon\wagon-http\1.0-beta-6\wagon-http-1.0-beta-6.jar;C:\Documents and Settings\utvikler\.m2\repository\org\apache\maven\wagon\wagon-webdav-jackrabbit\1.0-beta-6\wagon-webdav-jackrabbit-1.0-beta-6.jar;C:\Documents and Settings\utvikler\.m2\repository\org\apache\jackrabbit\jackrabbit-webdav\1.5.0\jackrabbit-webdav-1.5.0.jar;C:\Documents and Settings\utvikler\.m2\repository\org\apache\jackrabbit\jackrabbit-jcr-commons\1.5.0\jackrabbit-jcr-commons-1.5.0.jar;C:\Documents and Settings\utvikler\.m2\repository\org\slf4j\slf4j-api\1.5.6\slf4j-api-1.5.6.jar;C:\Documents and Settings\utvikler\.m2\repository\commons-httpclient\commons-httpclient\3.0\commons-httpclient-3.0.jar;C:\Documents and Settings\utvikler\.m2\repository\commons-codec\commons-codec\1.4\commons-codec-1.4.jar;C:\Documents and Settings\utvikler\.m2\repository\org\slf4j\slf4j-nop\1.5.3\slf4j-nop-1.5.3.jar;C:\Documents and Settings\utvikler\.m2\repository\org\slf4j\slf4j-jdk14\1.5.6\slf4j-jdk14-1.5.6.jar;C:\Documents and Settings\utvikler\.m2\repository\org\slf4j\jcl-over-slf4j\1.5.6\jcl-over-slf4j-1.5.6.jar;C:\Documents and Settings\utvikler\.m2\repository\org\apache\maven\reporting\maven-reporting-api\2.2.1\maven-reporting-api-2.2.1.jar;C:\Documents and Settings\utvikler\.m2\repository\org\apache\maven\doxia\doxia-sink-api\1.1\doxia-sink-api-1.1.jar;C:\Documents and Settings\utvikler\.m2\repository\org\apache\maven\doxia\doxia-logging-api\1.1\doxia-logging-api-1.1.jar;C:\Documents and Settings\utvikler\.m2\repository\org\apache\maven\maven-profile\2.2.1\maven-profile-2.2.1.jar;C:\Documents and Settings\utvikler\.m2\repository\org\apache\maven\maven-artifact\2.2.1\maven-artifact-2.2.1.jar;C:\Documents and Settings\utvikler\.m2\repository\org\apache\maven\maven-repository-metadata\2.2.1\maven-repository-metadata-2.2.1.jar;C:\Documents and Settings\utvikler\.m2\repository\org\apache\maven\maven-error-diagnostics\2.2.1\maven-error-diagnostics-2.2.1.jar;C:\Documents and Settings\utvikler\.m2\repository\org\apache\maven\maven-project\2.2.1\maven-project-2.2.1.jar;C:\Documents and Settings\utvikler\.m2\repository\org\apache\maven\maven-artifact-manager\2.2.1\maven-artifact-manager-2.2.1.jar;C:\Documents and Settings\utvikler\.m2\repository\backport-util-concurrent\backport-util-concurrent\3.1\backport-util-concurrent-3.1.jar;C:\Documents and Settings\utvikler\.m2\repository\org\apache\maven\maven-plugin-registry\2.2.1\maven-plugin-registry-2.2.1.jar;C:\Documents and Settings\utvikler\.m2\repository\commons-cli\commons-cli\1.2\commons-cli-1.2.jar;C:\Documents and Settings\utvikler\.m2\repository\org\apache\maven\wagon\wagon-ssh-external\1.0-beta-6\wagon-ssh-external-1.0-beta-6.jar;C:\Documents and Settings\utvikler\.m2\repository\org\apache\maven\wagon\wagon-ssh-common\1.0-beta-6\wagon-ssh-common-1.0-beta-6.jar;C:\Documents and Settings\utvikler\.m2\repository\org\codehaus\plexus\plexus-interactivity-api\1.0-alpha-6\plexus-interactivity-api-1.0-alpha-6.jar;C:\Documents and Settings\utvikler\.m2\repository\org\apache\maven\maven-plugin-descriptor\2.2.1\maven-plugin-descriptor-2.2.1.jar;C:\Documents and Settings\utvikler\.m2\repository\org\codehaus\plexus\plexus-component-api\1.0-alpha-16\plexus-component-api-1.0-alpha-16.jar;C:\Documents and Settings\utvikler\.m2\repository\org\codehaus\plexus\plexus-classworlds\1.2-alpha-7\plexus-classworlds-1.2-alpha-7.jar;C:\Documents and Settings\utvikler\.m2\repository\org\apache\maven\maven-monitor\2.2.1\maven-monitor-2.2.1.jar;C:\Documents and Settings\utvikler\.m2\repository\org\apache\maven\wagon\wagon-ssh\1.0-beta-6\wagon-ssh-1.0-beta-6.jar;C:\Documents and Settings\utvikler\.m2\repository\com\jcraft\jsch\0.1.38\jsch-0.1.38.jar;C:\Documents and Settings\utvikler\.m2\repository\org\sonatype\plexus\plexus-sec-dispatcher\1.3\plexus-sec-dispatcher-1.3.jar;C:\Documents and Settings\utvikler\.m2\repository\org\sonatype\plexus\plexus-cipher\1.4\plexus-cipher-1.4.jar;C:\Documents and Settings\utvikler\.m2\repository\no\nav\maven\plugins\datapower-utils\1.2\datapower-utils-1.2.jar;C:\Documents and Settings\utvikler\.m2\repository\commons-io\commons-io\1.4\commons-io-1.4.jar;C:\Documents and Settings\utvikler\.m2\repository\commons-lang\commons-lang\2.5\commons-lang-2.5.jar;C:\Documents and Settings\utvikler\.m2\repository\commons-collections\commons-collections\3.2.1\commons-collections-3.2.1.jar;C:\Documents and Settings\utvikler\.m2\repository\wsdl4j\wsdl4j\1.6.2\wsdl4j-1.6.2.jar;C:\Documents and Settings\utvikler\.m2\repository\log4j\log4j\1.2.16\log4j-1.2.16.jar;C:\Documents and Settings\utvikler\.m2\repository\no\stelvio\maven\support\datapower-management-client\1.0-SNAPSHOT\datapower-management-client-1.0-SNAPSHOT.jar;C:\Documents and Settings\utvikler\.m2\repository\org\apache\cxf\cxf-rt-frontend-jaxws\2.2.9\cxf-rt-frontend-jaxws-2.2.9.jar;C:\Documents and Settings\utvikler\.m2\repository\xml-resolver\xml-resolver\1.2\xml-resolver-1.2.jar;C:\Documents and Settings\utvikler\.m2\repository\org\apache\geronimo\specs\geronimo-jaxws_2.1_spec\1.0\geronimo-jaxws_2.1_spec-1.0.jar;C:\Documents and Settings\utvikler\.m2\repository\org\apache\geronimo\specs\geronimo-activation_1.1_spec\1.0.2\geronimo-activation_1.1_spec-1.0.2.jar;C:\Documents and Settings\utvikler\.m2\repository\org\apache\geronimo\specs\geronimo-ws-metadata_2.0_spec\1.1.2\geronimo-ws-metadata_2.0_spec-1.1.2.jar;C:\Documents and Settings\utvikler\.m2\repository\asm\asm\2.2.3\asm-2.2.3.jar;C:\Documents and Settings\utvikler\.m2\repository\org\apache\cxf\cxf-api\2.2.9\cxf-api-2.2.9.jar;C:\Documents and Settings\utvikler\.m2\repository\org\apache\cxf\cxf-common-utilities\2.2.9\cxf-common-utilities-2.2.9.jar;C:\Documents and Settings\utvikler\.m2\repository\org\springframework\spring-core\2.5.6\spring-core-2.5.6.jar;C:\Documents and Settings\utvikler\.m2\repository\commons-logging\commons-logging\1.1.1\commons-logging-1.1.1.jar;C:\Documents and Settings\utvikler\.m2\repository\org\springframework\spring-beans\2.5.6\spring-beans-2.5.6.jar;C:\Documents and Settings\utvikler\.m2\repository\org\springframework\spring-context\2.5.6\spring-context-2.5.6.jar;C:\Documents and Settings\utvikler\.m2\repository\aopalliance\aopalliance\1.0\aopalliance-1.0.jar;C:\Documents and Settings\utvikler\.m2\repository\org\apache\geronimo\specs\geronimo-annotation_1.0_spec\1.1.1\geronimo-annotation_1.0_spec-1.1.1.jar;C:\Documents and Settings\utvikler\.m2\repository\javax\xml\bind\jaxb-api\2.1\jaxb-api-2.1.jar;C:\Documents and Settings\utvikler\.m2\repository\org\apache\geronimo\specs\geronimo-stax-api_1.0_spec\1.0.1\geronimo-stax-api_1.0_spec-1.0.1.jar;C:\Documents and Settings\utvikler\.m2\repository\org\apache\ws\commons\schema\XmlSchema\1.4.5\XmlSchema-1.4.5.jar;C:\Documents and Settings\utvikler\.m2\repository\org\codehaus\woodstox\wstx-asl\3.2.9\wstx-asl-3.2.9.jar;C:\Documents and Settings\utvikler\.m2\repository\org\apache\neethi\neethi\2.0.4\neethi-2.0.4.jar;C:\Documents and Settings\utvikler\.m2\repository\org\apache\cxf\cxf-common-schemas\2.2.9\cxf-common-schemas-2.2.9.jar;C:\Documents and Settings\utvikler\.m2\repository\org\apache\cxf\cxf-rt-core\2.2.9\cxf-rt-core-2.2.9.jar;C:\Documents and Settings\utvikler\.m2\repository\com\sun\xml\bind\jaxb-impl\2.1.13\jaxb-impl-2.1.13.jar;C:\Documents and Settings\utvikler\.m2\repository\org\apache\geronimo\specs\geronimo-javamail_1.4_spec\1.6\geronimo-javamail_1.4_spec-1.6.jar;C:\Documents and Settings\utvikler\.m2\repository\org\apache\cxf\cxf-rt-bindings-soap\2.2.9\cxf-rt-bindings-soap-2.2.9.jar;C:\Documents and Settings\utvikler\.m2\repository\org\apache\cxf\cxf-tools-common\2.2.9\cxf-tools-common-2.2.9.jar;C:\Documents and Settings\utvikler\.m2\repository\javax\xml\soap\saaj-api\1.3\saaj-api-1.3.jar;C:\Documents and Settings\utvikler\.m2\repository\org\apache\cxf\cxf-rt-databinding-jaxb\2.2.9\cxf-rt-databinding-jaxb-2.2.9.jar;C:\Documents and Settings\utvikler\.m2\repository\org\apache\cxf\cxf-rt-bindings-xml\2.2.9\cxf-rt-bindings-xml-2.2.9.jar;C:\Documents and Settings\utvikler\.m2\repository\org\apache\cxf\cxf-rt-frontend-simple\2.2.9\cxf-rt-frontend-simple-2.2.9.jar;C:\Documents and Settings\utvikler\.m2\repository\org\apache\cxf\cxf-rt-ws-addr\2.2.9\cxf-rt-ws-addr-2.2.9.jar;C:\Documents and Settings\utvikler\.m2\repository\com\sun\xml\messaging\saaj\saaj-impl\1.3.2\saaj-impl-1.3.2.jar;C:\Documents and Settings\utvikler\.m2\repository\org\apache\cxf\cxf-rt-transports-http\2.2.9\cxf-rt-transports-http-2.2.9.jar;C:\Documents and Settings\utvikler\.m2\repository\org\springframework\spring-web\2.5.6\spring-web-2.5.6.jar;"/>
    <property name="java.vm.specification.version" value="1.0"/>
    <property name="sun.arch.data.model" value="32"/>
    <property name="java.home" value="C:\apps\Java\jdk1.6.0_20\jre"/>
    <property name="java.specification.vendor" value="Sun Microsystems Inc."/>
    <property name="user.language" value="no"/>
    <property name="awt.toolkit" value="sun.awt.windows.WToolkit"/>
    <property name="java.vm.info" value="mixed mode, sharing"/>
    <property name="java.version" value="1.6.0_20"/>
    <property name="java.ext.dirs" value="C:\apps\Java\jdk1.6.0_20\jre\lib\ext;C:\WINDOWS\Sun\Java\lib\ext"/>
    <property name="sun.boot.class.path" value="C:\apps\Java\jdk1.6.0_20\jre\lib\resources.jar;C:\apps\Java\jdk1.6.0_20\jre\lib\rt.jar;C:\apps\Java\jdk1.6.0_20\jre\lib\sunrsasign.jar;C:\apps\Java\jdk1.6.0_20\jre\lib\jsse.jar;C:\apps\Java\jdk1.6.0_20\jre\lib\jce.jar;C:\apps\Java\jdk1.6.0_20\jre\lib\charsets.jar;C:\apps\Java\jdk1.6.0_20\jre\classes"/>
    <property name="java.vendor" value="Sun Microsystems Inc."/>
    <property name="localRepository" value="C:\Documents and Settings\utvikler\.m2\repository"/>
    <property name="file.separator" value="\"/>
    <property name="java.vendor.url.bug" value="http://java.sun.com/cgi-bin/bugreport.cgi"/>
    <property name="sun.cpu.endian" value="little"/>
    <property name="sun.io.unicode.encoding" value="UnicodeLittle"/>
    <property name="sun.desktop" value="windows"/>
    <property name="sun.cpu.isalist" value="pentium_pro+mmx pentium_pro pentium+mmx pentium i486 i386 i86"/>
  </properties>
  <testcase time="0.328" classname="no.stelvio.serviceregistry.ServiceRegistryTest" name="testSerializeServiceRegistry"/>
  <testcase time="6.421" classname="no.stelvio.serviceregistry.ServiceRegistryTest" name="testDatapowerUpload"/>
</testsuite>