<project xmlns="http://maven.apache.org/POM/4.0.0" xmlns:xsi="http://www.w3.org/2001/XMLSchema-instance"
  	xsi:schemaLocation="http://maven.apache.org/POM/4.0.0 http://maven.apache.org/maven-v4_0_0.xsd">
  	<modelVersion>4.0.0</modelVersion>
  	<groupId>no.nav.maven.plugins</groupId>
  	<artifactId>maven-datapower-plugin-test</artifactId>
  	<packaging>jar</packaging>
  	<version>1.0.1-SNAPSHOT</version>
  	<name>Test Maven DataPower Plugin</name>

  	<dependencies>
    	<dependency>
      		<groupId>junit</groupId>
      		<artifactId>junit</artifactId>
      		<version>3.8.1</version>
      		<scope>test</scope>
    	</dependency>
  	</dependencies>

	<build>
		<plugins>
			<plugin>
				<groupId>no.nav.maven.plugins</groupId>
				<artifactId>maven-datapower-plugin</artifactId>
				<version>1.0.1-SNAPSHOT</version>
				<configuration>
					<domain>secgw-u1</domain>
					<deviceUrl>https://secgw-01.utv.internsone.local:5550</deviceUrl>
					<username>mavendeployer</username>
					<password>Test1234</password>
					<importFormat>XML</importFormat>
					<configFile>E:/data/builds/BUSTAG_K_2_27_2_FULL/target/datapower-config/test-config/import-xcfg/secgw-u1.xcfg</configFile>
				</configuration>
				<executions>
					<execution>
						<id>importConfig</id>
						<phase>compile</phase>
						<goals><goal>importConfig</goal></goals>
					</execution>
				</executions>
			</plugin>
		</plugins>
	</build>
</project>
