<?xml version="1.0" encoding="UTF-8"?>
<!DOCTYPE beans PUBLIC "-//SPRING//DTD BEAN//EN" 
	"http://www.springframework.org/dtd/spring-beans.dtd">


<beans>
	

	<bean id="messageSource" class="org.springframework.context.support.ResourceBundleMessageSource">
  		<property name="basename" value="no-stelvio-presentation-resources" />
	</bean>
	
	<bean id="codesTableManager" class="no.stelvio.presentation.jsf.mock.DefaultCodesTableManagerMock" />
	  
</beans>