<?xml version="1.0" encoding="UTF-8" ?>
<testsuite errors="0" skipped="0" tests="6" time="0.016" failures="0" name="no.nav.datapower.util.DPPropertiesUtilsTest">
  <properties>
    <property value="Java(TM) 2 Runtime Environment, Standard Edition" name="java.runtime.name"/>
    <property value="C:\apps\java\jdk1.5.0_09\jre\bin" name="sun.boot.library.path"/>
    <property value="1.5.0_09-b03" name="java.vm.version"/>
    <property value="Sun Microsystems Inc." name="java.vm.vendor"/>
    <property value="http://java.sun.com/" name="java.vendor.url"/>
    <property value=";" name="path.separator"/>
    <property value="Java HotSpot(TM) Client VM" name="java.vm.name"/>
    <property value="sun.io" name="file.encoding.pkg"/>
    <property value="NO" name="user.country"/>
    <property value="Service Pack 2" name="sun.os.patch.level"/>
    <property value="Java Virtual Machine Specification" name="java.vm.specification.name"/>
    <property value="E:\Develop\ws-datapower-tools\datapower-utils" name="user.dir"/>
    <property value="1.5.0_09-b03" name="java.runtime.version"/>
    <property value="sun.awt.Win32GraphicsEnvironment" name="java.awt.graphicsenv"/>
    <property value="E:\Develop\ws-datapower-tools\datapower-utils" name="basedir"/>
    <property value="C:\apps\java\jdk1.5.0_09\jre\lib\endorsed" name="java.endorsed.dirs"/>
    <property value="x86" name="os.arch"/>
    <property value="C:\DOCUME~1\utvikler\LOKALE~1\Temp\" name="java.io.tmpdir"/>
    <property value="
" name="line.separator"/>
    <property value="Sun Microsystems Inc." name="java.vm.specification.vendor"/>
    <property value="" name="user.variant"/>
    <property value="Windows XP" name="os.name"/>
    <property value="Cp1252" name="sun.jnu.encoding"/>
    <property value="C:\apps\java\jdk1.5.0_09\jre\bin;.;C:\WINDOWS\system32;C:\WINDOWS;C:\IBM\MQ6CL\Java\lib;C:\WINDOWS\system32;C:\WINDOWS;C:\WINDOWS\System32\Wbem;C:\PROGRA~1\CA\SHARED~1\SCANEN~1;C:\PROGRA~1\CA\ETRUST~1;C:\apps\Maven1.0.2\bin;C:\apps\GTK\2.0\bin;C:\apps\Subversion\bin;C:\IBM\MQ6CL\bin;C:\IBM\MQ6CL\tools\c\samples\bin;C:\IBM\common;C:\IBM\ClearCase\bin;C:\apps\maven-2.0.6\bin;C:\IBM\Installation Manager\eclipse\lib" name="java.library.path"/>
    <property value="Java Platform API Specification" name="java.specification.name"/>
    <property value="49.0" name="java.class.version"/>
    <property value="HotSpot Client Compiler" name="sun.management.compiler"/>
    <property value="5.1" name="os.version"/>
    <property value="C:\Documents and Settings\utvikler" name="user.home"/>
    <property value="" name="user.timezone"/>
    <property value="sun.awt.windows.WPrinterJob" name="java.awt.printerjob"/>
    <property value="Cp1252" name="file.encoding"/>
    <property value="1.5" name="java.specification.version"/>
    <property value="utvikler" name="user.name"/>
    <property value="C:\Documents and Settings\utvikler\.m2\repository\org\codehaus\plexus\plexus-archiver\1.0-alpha-7\plexus-archiver-1.0-alpha-7.jar;C:\Documents and Settings\utvikler\.m2\repository\junit\junit\3.8.1\junit-3.8.1.jar;C:\Documents and Settings\utvikler\.m2\repository\org\codehaus\plexus\plexus-container-default\1.0-alpha-8\plexus-container-default-1.0-alpha-8.jar;C:\Documents and Settings\utvikler\.m2\repository\org\apache\maven\surefire\surefire-booter\2.3.1\surefire-booter-2.3.1.jar;C:\Documents and Settings\utvikler\.m2\repository\org\apache\maven\surefire\surefire-api\2.3.1\surefire-api-2.3.1.jar;C:\Documents and Settings\utvikler\.m2\repository\classworlds\classworlds\1.1-alpha-2\classworlds-1.1-alpha-2.jar;C:\Documents and Settings\utvikler\.m2\repository\org\codehaus\plexus\plexus-utils\1.1\plexus-utils-1.1.jar;C:\Documents and Settings\utvikler\.m2\repository\commons-lang\commons-lang\2.1\commons-lang-2.1.jar" name="java.class.path"/>
    <property value="1.0" name="java.vm.specification.version"/>
    <property value="32" name="sun.arch.data.model"/>
    <property value="C:\apps\java\jdk1.5.0_09\jre" name="java.home"/>
    <property value="Sun Microsystems Inc." name="java.specification.vendor"/>
    <property value="no" name="user.language"/>
    <property value="sun.awt.windows.WToolkit" name="awt.toolkit"/>
    <property value="mixed mode" name="java.vm.info"/>
    <property value="1.5.0_09" name="java.version"/>
    <property value="C:\apps\java\jdk1.5.0_09\jre\lib\ext" name="java.ext.dirs"/>
    <property value="C:\apps\java\jdk1.5.0_09\jre\lib\rt.jar;C:\apps\java\jdk1.5.0_09\jre\lib\i18n.jar;C:\apps\java\jdk1.5.0_09\jre\lib\sunrsasign.jar;C:\apps\java\jdk1.5.0_09\jre\lib\jsse.jar;C:\apps\java\jdk1.5.0_09\jre\lib\jce.jar;C:\apps\java\jdk1.5.0_09\jre\lib\charsets.jar;C:\apps\java\jdk1.5.0_09\jre\classes" name="sun.boot.class.path"/>
    <property value="Sun Microsystems Inc." name="java.vendor"/>
    <property value="C:\Documents and Settings\utvikler\.m2\repository" name="localRepository"/>
    <property value="\" name="file.separator"/>
    <property value="http://java.sun.com/cgi-bin/bugreport.cgi" name="java.vendor.url.bug"/>
    <property value="little" name="sun.cpu.endian"/>
    <property value="UnicodeLittle" name="sun.io.unicode.encoding"/>
    <property value="windows" name="sun.desktop"/>
    <property value="" name="sun.cpu.isalist"/>
  </properties>
  <testcase time="0" name="testStripWhiteSpaces"/>
  <testcase time="0" name="testSubset"/>
  <testcase time="0" name="testGetSubsetsProperties"/>
  <testcase time="0.016" name="testListSubsetKeys"/>
  <testcase time="0" name="testGetNestedSubsetsPropertiesStringArray"/>
  <testcase time="0" name="testGetNestedSubsetsExtendedPropertiesStringArray"/>
</testsuite>