<?xml version="1.0" encoding="UTF-8"?>
<!DOCTYPE beans PUBLIC "-//SPRING//DTD BEAN//EN" "spring-beans.dtd">
<beans>
	<bean id="TestLocalService" class="no.trygdeetaten.common.framework.service.TestLocalService"></bean>
</beans>

