<?xml version="1.0" encoding="UTF-8"?>
<!DOCTYPE beans PUBLIC "-//SPRING//DTD BEAN//EN" "spring-beans.dtd">
<!--
	Distributed Services Configuration is used by the RemoteServiceLocator
-->
<beans>
	<bean id="beanFactoryPostProcessor" class="org.springframework.beans.factory.config.PropertyPlaceholderConfigurer">
		<property name="location"><value>test-bean-factory-post-processor.properties</value></property>
	</bean>
	<bean id="TestBean" class="no.trygdeetaten.common.framework.ejb.RemoteServiceDescription">
		<property name="jndiName"><value>${jndi.name}</value></property>
		<property name="providerUrl"><value>${provider.url}</value></property>
		<property name="initialContextFactory"><value>${initialContextFactory}</value></property>
		<property name="urlPkgPrefixes"><value>${urlPkgPrefixes}</value></property>
		<property name="cacheable"><value>${cacheable}</value></property>
	</bean>
</beans>

