<?xml version="1.0" encoding="UTF-8"?>
<beans xmlns="http://www.springframework.org/schema/beans"
       xmlns:xsi="http://www.w3.org/2001/XMLSchema-instance"
       xsi:schemaLocation="http://www.springframework.org/schema/beans
                           http://www.springframework.org/schema/beans/spring-beans-2.0.xsd">

	<bean id="rep.inttest.testIntegration"
	      class="no.stelvio.common.codestable.TestIntegration">
		<property name="hibernateTemplate" ref="rep.inttest.hibernateTemplate"/>
	</bean>

	<bean id="rep.inttest.hibernateTemplate"
	      class="org.springframework.orm.hibernate3.HibernateTemplate">
		<property name="sessionFactory" ref="rep.inttest.sessionFactory"/>
	</bean>

	<bean id="rep.inttest.sessionFactory"
	      class="org.springframework.orm.hibernate3.annotation.AnnotationSessionFactoryBean">
		<property name="dataSource" ref="rep.inttest.dataSource"/>
		<property name="annotatedClasses">
			<list>
				<value>no.stelvio.common.codestable.TestCti</value>
			</list>
		</property>
		<property name="hibernateProperties">
			<props>
				<prop key="hibernate.dialect">org.hibernate.dialect.HSQLDialect</prop>
				<prop key="hibernate.query.jpaql_strict_compliance">true</prop>
				<prop key="hibernate.generate_statistics">true</prop>
				<prop key="hibernate.show_sql">true</prop>
			</props>
		</property>
		<property name="schemaUpdate" value="true"/>
	</bean>

	<bean id="rep.inttest.dataSource" class="org.springframework.jdbc.datasource.DriverManagerDataSource">
		<property name="driverClassName" value="org.hsqldb.jdbcDriver"/>
		<property name="url" value="jdbc:hsqldb:hsql://localhost:9001"/>
		<property name="username" value="sa"/>
		<property name="password" value=""/>
	</bean>
</beans>