<?xml version="1.0" encoding="UTF-8"?>
<beans xmlns="http://www.springframework.org/schema/beans"
       xmlns:xsi="http://www.w3.org/2001/XMLSchema-instance"
       xsi:schemaLocation="
  http://www.springframework.org/schema/beans http://www.springframework.org/schema/beans/spring-beans.xsd">

	<bean id="no.stelvio.common.codestable.TestCti" class="org.springframework.context.support.ReloadableResourceBundleMessageSource">
		<property name="fallbackToSystemLocale" value="false"/>
		<property name="basename" value="Codetables-TestCtiClass" />
	</bean>

	<bean id="no.stelvio.common.codestable.TestCtpi" class="org.springframework.context.support.ReloadableResourceBundleMessageSource">
		<property name="fallbackToSystemLocale" value="false"/>
		<property name="basename" value="Codetables-TestCtiClass" />
	</bean>

</beans>
