<?xml version="1.0" ?>
<beans xmlns="http://www.springframework.org/schema/beans"
	xmlns:aop="http://www.springframework.org/schema/aop" xmlns:xsi="http://www.w3.org/2001/XMLSchema-instance"
	xmlns:context="http://www.springframework.org/schema/context"
	xmlns:ehcache="http://ehcache-spring-annotations.googlecode.com/svn/schema/ehcache-spring"
	xsi:schemaLocation="http://www.springframework.org/schema/beans http://www.springframework.org/schema/beans/spring-beans-2.5.xsd
       http://www.springframework.org/schema/aop     http://www.springframework.org/schema/aop/spring-aop-2.5.xsd
       http://www.springframework.org/schema/context http://www.springframework.org/schema/context/spring-context-2.5.xsd
       http://ehcache-spring-annotations.googlecode.com/svn/schema/ehcache-spring 
       http://ehcache-spring-annotations.googlecode.com/svn/schema/ehcache-spring/ehcache-spring-1.1.xsd">

	 <ehcache:annotation-driven /> 

	<bean id="cacheManager"
		class="org.springframework.cache.ehcache.EhCacheManagerFactoryBean">
		<property name="configLocation" value="/test-ehcache.xml" />
		<property name="shared" value="true" />
	</bean>

	<bean id="cacheListenerTest" class="no.stelvio.common.cache.CacheListenerTest" />
	
	<bean id="testCache" class="no.stelvio.common.cache.support.DefaultTestCache" />

	<bean id="cacheStoreCounter"
		class="no.stelvio.common.cache.support.DefaultCacheEventListenerFactory">
	</bean>
	
	<bean id="defaultCacheEventListener" class="no.stelvio.common.cache.support.DefaultCacheEventListener" />
	
</beans>