<?xml version="1.0" encoding="UTF-8"?>
<!--
	Distributed Services Configuration is used by the RemoteServiceLocator
-->
<beans xmlns="http://www.springframework.org/schema/beans"
       xmlns:xsi="http://www.w3.org/2001/XMLSchema-instance"
       xsi:schemaLocation="http://www.springframework.org/schema/beans http://www.springframework.org/schema/beans/spring-beans.xsd">

	<bean id="beanFactoryPostProcessor" class="org.springframework.beans.factory.config.PropertyPlaceholderConfigurer">
		<property name="location"><value>test-bean-factory-post-processor.properties</value></property>
	</bean>
	<bean id="TestBean" class="no.stelvio.common.ejb.RemoteServiceDescription">
		<property name="jndiName"><value>${jndi.name}</value></property>
		<property name="providerUrl"><value>${provider.url}</value></property>
		<property name="initialContextFactory"><value>${initialContextFactory}</value></property>
		<property name="urlPkgPrefixes"><value>${urlPkgPrefixes}</value></property>
		<property name="cacheable"><value>${cacheable}</value></property>
	</bean>
</beans>

