<?xml version="1.0" ?>
<beans xmlns="http://www.springframework.org/schema/beans"
   	   xmlns:aop="http://www.springframework.org/schema/aop"
       xmlns:xsi="http://www.w3.org/2001/XMLSchema-instance"
       xsi:schemaLocation="http://www.springframework.org/schema/beans http://www.springframework.org/schema/beans/spring-beans-2.0.xsd
       http://www.springframework.org/schema/aop http://www.springframework.org/schema/aop/spring-aop-2.0.xsd">

	<!-- The interceptor that will wrap logger to make AOP logging possible -->
	<bean id="loggerInterceptor" class="no.stelvio.common.error.logging.ExceptionLoggerInterceptor">
		<property name="exceptionLogger" ref="logger"/>
	</bean>
	
	<!-- The component doing the logging-->
	<bean id="logger" class="no.stelvio.common.error.logging.support.DefaultExceptionLogger">
		<property name="logLevelMessageSource" ref="messageSource"/>
	</bean>
	
	<!-- The messagesource used to resolve loglevels -->
	<bean id="messageSource" class="org.springframework.context.support.ReloadableResourceBundleMessageSource">
		<property name="basename" value="loglevels"/>
		<property name="cacheSeconds" value="0"/>
	</bean>
	
	<!-- Pojo to be intercepted -->
	<bean id="exceptionThrower" class="no.stelvio.common.error.logging.ExceptionThrower"/>

	<!-- AOP Configuration   -->	
	<aop:config>
		<!-- Describes a pointcut and sets the interceptor that will be called -->
        <aop:advisor
			pointcut="execution(* no.stelvio.common.error.logging.ExceptionThrower.*(..))"
			advice-ref="loggerInterceptor"/>			
	</aop:config>	

       
</beans>