<?xml version="1.0" encoding="UTF-8"?>
<!DOCTYPE beans PUBLIC "-//SPRING//DTD BEAN//EN" "spring-beans.dtd">
<!--
	Testing event publishing
	 TODO: use the Spring xml schema instead
-->
<beans>
	<bean id="applicationEventPublisherAwareBean" class="no.stelvio.common.event.EventIntegrationTest$TestBean"/>
	<bean class="no.stelvio.common.event.EventIntegrationTest$TestApplicationEventListener"/>
</beans>

