<?xml version="1.0" encoding="UTF-8"?>
<flow xmlns="http://www.springframework.org/schema/webflow" 
		xmlns:xsi="http://www.w3.org/2001/XMLSchema-instance"
      	xsi:schemaLocation="http://www.springframework.org/schema/webflow http://www.springframework.org/schema/webflow/spring-webflow.xsd"
      	start-state="viewState1">

      <view-state id="viewState1" view="view1">
            <transition on="event1" to="viewState2"/>
            <transition on="event2" to="endState1"/>
      </view-state>

      <view-state id="viewState2" view="view2">
            <transition on="event1" to="endState1"/>
      </view-state>

      <end-state id="endState1" view="endView1"/>     
</flow>  

