<?xml version="1.0" ?>
<beans xmlns="http://www.springframework.org/schema/beans"
   	   xmlns:p="http://www.springframework.org/schema/p"
       xmlns:xsi="http://www.w3.org/2001/XMLSchema-instance"
       xsi:schemaLocation="http://www.springframework.org/schema/beans http://www.springframework.org/schema/beans/spring-beans.xsd" >

       <!-- Tests that setting chained startegy using java.util.List -->       
       <bean id="test.error.exceptionhandlerfacade" class="no.stelvio.common.error.support.DefaultExceptionHandlerFacade">
       		<property name="defaultStrategy" ref="test.error.chainedstrategy"/>
       </bean>
       
       <!-- Tests that setting chained startegy using java.util.List -->       
       <bean id="test.error.chainedstrategyset" class="no.stelvio.common.error.strategy.support.ExceptionHandlerStrategyChain">
       	<property name="strategies">
       		<set>
       			<ref bean="test.error.morpherstrategy"/>
       			<ref bean="test.error.fallbackstrategy"/>       			
       		</set>
       	</property>
       </bean>       
             
       <!-- Tests that setting chained startegy using java.util.Set -->
       <bean id="test.error.exceptionhandlerfacadeset" class="no.stelvio.common.error.support.DefaultExceptionHandlerFacade">
       		<property name="defaultStrategy" ref="test.error.chainedstrategyset"/>
       </bean>       

       <!-- Tests that setting chained startegy using java.util.Set -->       
       <bean id="test.error.chainedstrategy" class="no.stelvio.common.error.strategy.support.ExceptionHandlerStrategyChain">
       	<property name="strategies">
       		<list>
       			<ref bean="test.error.morpherstrategy"/>
       			<ref bean="test.error.fallbackstrategy"/>       			
       		</list>
       	</property>
       </bean>
      
       <bean id="test.error.morpherstrategy" 
       		class="no.stelvio.common.error.strategy.support.MorpherExceptionHandlerStrategy" p:order="2">
       </bean>          
       
        <bean id="test.error.loggerstrategy" 
       		class="no.stelvio.common.error.strategy.support.LoggerExceptionHandlerStrategy" p:order="1">
       </bean>  
       
       
       <bean id="test.error.fallbackstrategy" 
       		class="no.stelvio.common.error.strategy.support.FallbackExceptionHandlerStrategy" p:order="1">
       </bean>
         
       
</beans>