<?xml version="1.0" ?>
<beans xmlns="http://www.springframework.org/schema/beans"
       xmlns:xsi="http://www.w3.org/2001/XMLSchema-instance"
       xmlns:cache="http://www.springframework.org/schema/cache"
       xsi:schemaLocation="http://www.springframework.org/schema/beans http://www.springframework.org/schema/beans/spring-beans.xsd
       http://www.springframework.org/schema/cache http://www.springframework.org/schema/cache/spring-cache.xsd">

    <cache:annotation-driven/>

    <bean id="ehcache" class="org.springframework.cache.ehcache.EhCacheManagerFactoryBean">
        <property name="configLocation" value="/test-ehcache.xml"/>
        <property name="shared" value="true" />
    </bean>

    <bean id="cacheManager" class="org.springframework.cache.ehcache.EhCacheCacheManager">
        <property name="cacheManager"><ref bean="ehcache"/></property>
    </bean>

	<bean id="cacheListenerTest" class="no.stelvio.common.cache.CacheListenerTest" />
	
	<bean id="testCache" class="no.stelvio.common.cache.support.DefaultTestCache" />

	<bean id="cacheStoreCounter"
		class="no.stelvio.common.cache.support.DefaultCacheEventListenerFactory">
	</bean>
	
	<bean id="defaultCacheEventListener" class="no.stelvio.common.cache.support.DefaultCacheEventListener" />
	
</beans>