<?xml version="1.0" encoding="ISO-8859-1" ?>
<ehcache>

	<!-- 
		EH cache configuration for unit testing. 
	-->
	<diskStore path="java.io.tmpdir" />

	<defaultCache maxElementsInMemory="1" eternal="false" timeToIdleSeconds="120" timeToLiveSeconds="120" overflowToDisk="true" diskPersistent="false" diskExpiryThreadIntervalSeconds="120" />

	<cache name="TestCache" maxElementsInMemory="3" eternal="false" overflowToDisk="false" timeToIdleSeconds="30" timeToLiveSeconds="60" />
	<cache name="TestCache2" maxElementsInMemory="2" eternal="false" overflowToDisk="false" timeToIdleSeconds="1" timeToLiveSeconds="2" />

</ehcache>